<?xml version="1.0" encoding="UTF-8"?>
<!-- Generated by org.testng.reporters.JUnitReportReporter -->
<testsuite hostname="LAPTOP-AD86P4KH" failures="0" tests="3" name="testCases.TC01_LaunchApplication" time="3.345" errors="0" timestamp="2025-02-14T14:38:09 GMT-05:00" skipped="0">
  <testcase classname="testCases.TC01_LaunchApplication" name="testLaunchApplication" time="1.883"/>
  <testcase classname="testCases.TC01_LaunchApplication" name="testLaunchApplication" time="1.412"/>
  <testcase classname="testCases.TC01_LaunchApplication" name="testLaunchApplication" time="0.050"/>
</testsuite> <!-- testCases.TC01_LaunchApplication -->
