<?xml version="1.0" encoding="UTF-8"?>
<!-- Generated by org.testng.reporters.JUnitReportReporter -->
<testsuite hostname="LAPTOP-AD86P4KH" failures="0" tests="3" name="testCases.TC03_AddToCart" time="9.372" errors="0" timestamp="2025-02-14T14:38:09 GMT-05:00" skipped="0">
  <testcase classname="testCases.TC03_AddToCart" name="testAddToCart" time="2.333"/>
  <testcase classname="testCases.TC03_AddToCart" name="testAddToCart" time="4.469"/>
  <testcase classname="testCases.TC03_AddToCart" name="testAddToCart" time="2.570"/>
</testsuite> <!-- testCases.TC03_AddToCart -->
