<?xml version="1.0" encoding="UTF-8"?>
<!-- Generated by org.testng.reporters.JUnitReportReporter -->
<testsuite hostname="LAPTOP-AD86P4KH" failures="0" tests="3" name="testCases.TC06_PurchaseAGiftCertificate" time="13.709" errors="0" timestamp="2025-02-14T14:38:09 GMT-05:00" skipped="0">
  <testcase classname="testCases.TC06_PurchaseAGiftCertificate" name="testPurchaseAGiftCertificate" time="2.702"/>
  <testcase classname="testCases.TC06_PurchaseAGiftCertificate" name="testPurchaseAGiftCertificate" time="8.231"/>
  <testcase classname="testCases.TC06_PurchaseAGiftCertificate" name="testPurchaseAGiftCertificate" time="2.776"/>
</testsuite> <!-- testCases.TC06_PurchaseAGiftCertificate -->
