<?xml version="1.0" encoding="UTF-8"?>
<!-- Generated by org.testng.reporters.JUnitReportReporter -->
<testsuite hostname="LAPTOP-AD86P4KH" failures="0" tests="15" name="testCases.TC02_Login" time="41.903" errors="0" timestamp="2025-02-14T14:38:09 GMT-05:00" skipped="0">
  <testcase classname="testCases.TC02_Login" name="testLogin" time="2.885"/>
  <testcase classname="testCases.TC02_Login" name="testLogin" time="2.868"/>
  <testcase classname="testCases.TC02_Login" name="testLogin" time="3.039"/>
  <testcase classname="testCases.TC02_Login" name="testLogin" time="2.856"/>
  <testcase classname="testCases.TC02_Login" name="testLogin" time="3.069"/>
  <testcase classname="testCases.TC02_Login" name="testLogin" time="2.702"/>
  <testcase classname="testCases.TC02_Login" name="testLogin" time="2.846"/>
  <testcase classname="testCases.TC02_Login" name="testLogin" time="2.626"/>
  <testcase classname="testCases.TC02_Login" name="testLogin" time="2.897"/>
  <testcase classname="testCases.TC02_Login" name="testLogin" time="2.666"/>
  <testcase classname="testCases.TC02_Login" name="testLogin" time="2.613"/>
  <testcase classname="testCases.TC02_Login" name="testLogin" time="2.796"/>
  <testcase classname="testCases.TC02_Login" name="testLogin" time="2.846"/>
  <testcase classname="testCases.TC02_Login" name="testLogin" time="2.582"/>
  <testcase classname="testCases.TC02_Login" name="testLogin" time="2.612"/>
</testsuite> <!-- testCases.TC02_Login -->
