<?xml version="1.0" encoding="UTF-8"?>
<!-- Generated by org.testng.reporters.JUnitReportReporter -->
<testsuite hostname="LAPTOP-AD86P4KH" failures="0" tests="3" name="testCases.TC05_AddAnItemToWishList" time="7.361" errors="0" timestamp="2025-02-14T14:38:09 GMT-05:00" skipped="0">
  <testcase classname="testCases.TC05_AddAnItemToWishList" name="testAddToWishList" time="2.292"/>
  <testcase classname="testCases.TC05_AddAnItemToWishList" name="testAddToWishList" time="2.694"/>
  <testcase classname="testCases.TC05_AddAnItemToWishList" name="testAddToWishList" time="2.375"/>
</testsuite> <!-- testCases.TC05_AddAnItemToWishList -->
